<?xml version="1.0" encoding="UTF-8"?>
<Site BuildName="Win32-mingw32-make"
	BuildStamp="20240329-0846-Experimental"
	Name="Laptop_Linus"
	Generator="ctest-3.28.3"
	CompilerName="C:/MinGW/bin/g++.exe"
	CompilerVersion=""
	OSName="Windows"
	Hostname="Laptop_Linus"
	OSRelease=" Personal"
	OSVersion=" (Build 22631)"
	OSPlatform="AMD64"
	Is64Bits="1"
	VendorString="GenuineIntel"
	VendorID="Intel Corporation"
	FamilyID="6"
	ModelID="12"
	ProcessorCacheSize="-1"
	NumberOfLogicalCPU="8"
	NumberOfPhysicalCPU="4"
	TotalVirtualMemory="18398"
	TotalPhysicalMemory="16078"
	LogicalProcessorsPerPhysical="2"
	ProcessorClockFrequency="2419"
	>
	<Testing>
		<StartDateTime>Mar 29 09:47 Paris, Madrid</StartDateTime>
		<StartTestTime>1711702076</StartTestTime>
		<TestList/>
		<EndDateTime>Mar 29 09:47 Paris, Madrid</EndDateTime>
		<EndTestTime>1711702076</EndTestTime>
		<ElapsedMinutes>0</ElapsedMinutes>
	</Testing>
</Site>
