<?xml version="1.0" encoding="UTF-8"?>
<Site BuildName="Win32-mingw32-make"
	BuildStamp="20240419-1450-Experimental"
	Name="Laptop_Linus"
	Generator="ctest-3.28.3"
	CompilerName="C:/MinGW/bin/g++.exe"
	CompilerVersion=""
	OSName="Windows"
	Hostname="Laptop_Linus"
	OSRelease=" Personal"
	OSVersion=" (Build 22631)"
	OSPlatform="AMD64"
	Is64Bits="1"
	VendorString="GenuineIntel"
	VendorID="Intel Corporation"
	FamilyID="6"
	ModelID="12"
	ProcessorCacheSize="-1"
	NumberOfLogicalCPU="8"
	NumberOfPhysicalCPU="4"
	TotalVirtualMemory="18766"
	TotalPhysicalMemory="16078"
	LogicalProcessorsPerPhysical="2"
	ProcessorClockFrequency="2419"
	>
	<Testing>
		<StartDateTime>Apr 19 16:50 Paris, Madrid (heure d[NON-UTF-8-BYTE-0x92][NON-UTF-8-BYTE-0xE9]t[NON-UTF-8-BYTE-0xE9])</StartDateTime>
		<StartTestTime>1713538223</StartTestTime>
		<TestList/>
		<EndDateTime>Apr 19 16:50 Paris, Madrid (heure d[NON-UTF-8-BYTE-0x92][NON-UTF-8-BYTE-0xE9]t[NON-UTF-8-BYTE-0xE9])</EndDateTime>
		<EndTestTime>1713538223</EndTestTime>
		<ElapsedMinutes>0</ElapsedMinutes>
	</Testing>
</Site>
